<?xml version="1.0" encoding="UTF-8" ?>
<testsuite failures="0" time="0.044" errors="1" skipped="0" tests="1" name="fr.umlv.nurse.dao.TestPharmacyDAO">
  <properties>
    <property name="java.vendor" value="Oracle Corporation"/>
    <property name="env.SYSTEMROOT" value="C:\Windows"/>
    <property name="localRepository" value="C:\Users\Pradier\.m2\repository"/>
    <property name="sun.java.launcher" value="SUN_STANDARD"/>
    <property name="sun.management.compiler" value="HotSpot 64-Bit Tiered Compilers"/>
    <property name="os.name" value="Windows 7"/>
    <property name="env.FP_NO_HOST_CHECK" value="NO"/>
    <property name="sun.boot.class.path" value="C:\Program Files\Java\jdk1.7.0\jre\lib\resources.jar;C:\Program Files\Java\jdk1.7.0\jre\lib\rt.jar;C:\Program Files\Java\jdk1.7.0\jre\lib\sunrsasign.jar;C:\Program Files\Java\jdk1.7.0\jre\lib\jsse.jar;C:\Program Files\Java\jdk1.7.0\jre\lib\jce.jar;C:\Program Files\Java\jdk1.7.0\jre\lib\charsets.jar;C:\Program Files\Java\jdk1.7.0\jre\classes"/>
    <property name="env.COMPUTERNAME" value="THRALL"/>
    <property name="env.ALLUSERSPROFILE" value="C:\ProgramData"/>
    <property name="sun.desktop" value="windows"/>
    <property name="java.vm.specification.vendor" value="Oracle Corporation"/>
    <property name="java.runtime.version" value="1.7.0-b147"/>
    <property name="env.HOMEPATH" value="\Users\Pradier"/>
    <property name="user.name" value="Pradier"/>
    <property name="maven.build.version" value="Apache Maven 3.0.4 (r1232337; 2012-01-17 09:44:56+0100)"/>
    <property name="env.ONLINESERVICES" value="Online Services"/>
    <property name="env.PATH" value="C:\Program Files\Common Files\Microsoft Shared\Windows Live;C:\Program Files (x86)\Common Files\Microsoft Shared\Windows Live;C:\Program Files (x86)\AMD APP\bin\x86_64;C:\Program Files (x86)\AMD APP\bin\x86;C:\LaTeXbis\miktex\bin\x64;C:\Windows\system32;C:\Windows;C:\Windows\System32\Wbem;C:\Windows\System32\WindowsPowerShell\v1.0\;C:\Program Files (x86)\ATI Technologies\ATI.ACE\Core-Static;C:\Program Files (x86)\Windows Live\Shared"/>
    <property name="user.language" value="fr"/>
    <property name="env.PT5HOME" value="C:\Patrick\Cisco Packet Tracer 5.3.1"/>
    <property name="env.WINDIR" value="C:\Windows"/>
    <property name="sun.boot.library.path" value="C:\Program Files\Java\jdk1.7.0\jre\bin"/>
    <property name="env.FPPUILANG" value="en-US"/>
    <property name="classworlds.conf" value="C:\Patrick\GitHub\.metadata\.plugins\org.eclipse.m2e.core\launches\m2conf3132245938976119637.tmp"/>
    <property name="java.version" value="1.7.0"/>
    <property name="env.PROCESSOR_IDENTIFIER" value="Intel64 Family 6 Model 37 Stepping 5, GenuineIntel"/>
    <property name="user.timezone" value=""/>
    <property name="env.TEMP" value="C:\Users\Pradier\AppData\Local\Temp"/>
    <property name="sun.arch.data.model" value="64"/>
    <property name="env.SSH_AGENT_PID" value="5876"/>
    <property name="env.PLATFORM" value="HPD"/>
    <property name="java.endorsed.dirs" value="C:\Program Files\Java\jdk1.7.0\jre\lib\endorsed"/>
    <property name="sun.cpu.isalist" value="amd64"/>
    <property name="env.HOMEDRIVE" value="C:"/>
    <property name="sun.jnu.encoding" value="Cp1252"/>
    <property name="file.encoding.pkg" value="sun.io"/>
    <property name="env.SYSTEMDRIVE" value="C:"/>
    <property name="file.separator" value="\"/>
    <property name="java.specification.name" value="Java Platform API Specification"/>
    <property name="java.class.version" value="51.0"/>
    <property name="user.country" value="FR"/>
    <property name="java.home" value="C:\Program Files\Java\jdk1.7.0\jre"/>
    <property name="env.APPDATA" value="C:\Users\Pradier\AppData\Roaming"/>
    <property name="env.PUBLIC" value="C:\Users\Public"/>
    <property name="java.vm.info" value="mixed mode"/>
    <property name="env.OS" value="Windows_NT"/>
    <property name="os.version" value="6.1"/>
    <property name="env.AMDAPPSDKROOT" value="C:\Program Files (x86)\AMD APP\"/>
    <property name="path.separator" value=";"/>
    <property name="java.vm.version" value="21.0-b17"/>
    <property name="env.USERPROFILE" value="C:\Users\Pradier"/>
    <property name="user.variant" value=""/>
    <property name="env.JAVA_HOME" value="C:\Program Files\Java\jre7;C:\Program Files\Java\jdk1.7.0;"/>
    <property name="java.awt.printerjob" value="sun.awt.windows.WPrinterJob"/>
    <property name="env.TMP" value="C:\Users\Pradier\AppData\Local\Temp"/>
    <property name="env.PROGRAMFILES" value="C:\Program Files"/>
    <property name="sun.io.unicode.encoding" value="UnicodeLittle"/>
    <property name="awt.toolkit" value="sun.awt.windows.WToolkit"/>
    <property name="user.script" value=""/>
    <property name="user.home" value="C:\Users\Pradier"/>
    <property name="env.COMMONPROGRAMFILES" value="C:\Program Files\Common Files"/>
    <property name="env.SESSIONNAME" value="Console"/>
    <property name="java.specification.vendor" value="Oracle Corporation"/>
    <property name="env.NUMBER_OF_PROCESSORS" value="4"/>
    <property name="java.library.path" value="C:\Program Files\Java\jdk1.7.0\bin;C:\Windows\Sun\Java\bin;C:\Windows\system32;C:\Windows;C:\Program Files\Common Files\Microsoft Shared\Windows Live;C:\Program Files (x86)\Common Files\Microsoft Shared\Windows Live;C:\Program Files (x86)\AMD APP\bin\x86_64;C:\Program Files (x86)\AMD APP\bin\x86;C:\LaTeXbis\miktex\bin\x64;C:\Windows\system32;C:\Windows;C:\Windows\System32\Wbem;C:\Windows\System32\WindowsPowerShell\v1.0\;C:\Program Files (x86)\ATI Technologies\ATI.ACE\Core-Static;C:\Program Files (x86)\Windows Live\Shared;."/>
    <property name="java.vendor.url" value="http://java.oracle.com/"/>
    <property name="env.COMMONPROGRAMFILES(X86)" value="C:\Program Files (x86)\Common Files"/>
    <property name="env.PSMODULEPATH" value="C:\Windows\system32\WindowsPowerShell\v1.0\Modules\"/>
    <property name="java.vm.vendor" value="Oracle Corporation"/>
    <property name="maven.home" value="C:\Patrick\GitHub\Nurse\persistence\EMBEDDED"/>
    <property name="java.runtime.name" value="Java(TM) SE Runtime Environment"/>
    <property name="java.class.path" value="/C:/Patrick/Programmation/eclipse-jee-juno-SR1-win32-x86_64/eclipse/configuration/org.eclipse.osgi/bundles/818/1/.cp/jars/plexus-classworlds-2.4.jar"/>
    <property name="sun.java.command" value="org.codehaus.plexus.classworlds.launcher.Launcher -B install"/>
    <property name="env.PCBRAND" value="Pavilion"/>
    <property name="env.PROGRAMW6432" value="C:\Program Files"/>
    <property name="maven.version" value="3.0.4"/>
    <property name="env.PROGRAMFILES(X86)" value="C:\Program Files (x86)"/>
    <property name="java.vm.specification.name" value="Java Virtual Machine Specification"/>
    <property name="env.OOBEUILANG" value="fr-FR"/>
    <property name="env.LOGONSERVER" value="\\THRALL"/>
    <property name="java.vm.specification.version" value="1.7"/>
    <property name="env.PROCESSOR_ARCHITECTURE" value="AMD64"/>
    <property name="env.COMMONPROGRAMW6432" value="C:\Program Files\Common Files"/>
    <property name="sun.os.patch.level" value="Service Pack 1"/>
    <property name="sun.cpu.endian" value="little"/>
    <property name="surefire.test.class.path" value="C:\Patrick\GitHub\Nurse\persistence\target\test-classes;C:\Patrick\GitHub\Nurse\persistence\target\classes;C:\Users\Pradier\.m2\repository\commons-collections\commons-collections\3.2\commons-collections-3.2.jar;C:\Users\Pradier\.m2\repository\commons-lang\commons-lang\2.3\commons-lang-2.3.jar;C:\Users\Pradier\.m2\repository\org\hibernate\hibernate-entitymanager\3.2.0.ga\hibernate-entitymanager-3.2.0.ga.jar;C:\Users\Pradier\.m2\repository\org\hibernate\hibernate-annotations\3.2.0.ga\hibernate-annotations-3.2.0.ga.jar;C:\Users\Pradier\.m2\repository\org\hibernate\hibernate\3.2.0.ga\hibernate-3.2.0.ga.jar;C:\Users\Pradier\.m2\repository\net\sf\ehcache\ehcache\1.2\ehcache-1.2.jar;C:\Users\Pradier\.m2\repository\javax\transaction\jta\1.0.1B\jta-1.0.1B.jar;C:\Users\Pradier\.m2\repository\asm\asm-attrs\1.5.3\asm-attrs-1.5.3.jar;C:\Users\Pradier\.m2\repository\cglib\cglib\2.1_3\cglib-2.1_3.jar;C:\Users\Pradier\.m2\repository\asm\asm\1.5.3\asm-1.5.3.jar;C:\Users\Pradier\.m2\repository\jboss\javassist\3.3.ga\javassist-3.3.ga.jar;C:\Users\Pradier\.m2\repository\jboss\jboss-archive-browsing\5.0.0alpha-200607201-119\jboss-archive-browsing-5.0.0alpha-200607201-119.jar;C:\Users\Pradier\.m2\repository\hsqldb\hsqldb\1.8.0.7\hsqldb-1.8.0.7.jar;C:\Users\Pradier\.m2\repository\com\h2database\h2\1.0.60\h2-1.0.60.jar;C:\Users\Pradier\.m2\repository\org\hibernate\java-persistence\jpa-api\2.0-cr-1\jpa-api-2.0-cr-1.jar;C:\Users\Pradier\.m2\repository\org\hibernate\hibernate-core\4.0.0.Final\hibernate-core-4.0.0.Final.jar;C:\Users\Pradier\.m2\repository\antlr\antlr\2.7.7\antlr-2.7.7.jar;C:\Users\Pradier\.m2\repository\org\jboss\spec\javax\transaction\jboss-transaction-api_1.1_spec\1.0.0.Final\jboss-transaction-api_1.1_spec-1.0.0.Final.jar;C:\Users\Pradier\.m2\repository\dom4j\dom4j\1.6.1\dom4j-1.6.1.jar;C:\Users\Pradier\.m2\repository\xml-apis\xml-apis\1.0.b2\xml-apis-1.0.b2.jar;C:\Users\Pradier\.m2\repository\org\hibernate\javax\persistence\hibernate-jpa-2.0-api\1.0.1.Final\hibernate-jpa-2.0-api-1.0.1.Final.jar;C:\Users\Pradier\.m2\repository\org\jboss\logging\jboss-logging\3.1.0.CR2\jboss-logging-3.1.0.CR2.jar;C:\Users\Pradier\.m2\repository\com\fasterxml\classmate\0.5.4\classmate-0.5.4.jar;C:\Users\Pradier\.m2\repository\org\jboss\jandex\1.0.3.Final\jandex-1.0.3.Final.jar;C:\Users\Pradier\.m2\repository\org\hibernate\common\hibernate-commons-annotations\4.0.1.Final\hibernate-commons-annotations-4.0.1.Final.jar;C:\Users\Pradier\.m2\repository\javassist\javassist\3.12.1.GA\javassist-3.12.1.GA.jar;C:\Users\Pradier\.m2\repository\log4j\log4j\1.2.13\log4j-1.2.13.jar;C:\Users\Pradier\.m2\repository\commons-logging\commons-logging\1.1.1\commons-logging-1.1.1.jar;C:\Users\Pradier\.m2\repository\javax\ejb\ejb-api\3.0\ejb-api-3.0.jar;C:\Users\Pradier\.m2\repository\javax\persistence\persistence-api\1.0\persistence-api-1.0.jar;C:\Users\Pradier\.m2\repository\junit\junit\4.10\junit-4.10.jar;C:\Users\Pradier\.m2\repository\org\hamcrest\hamcrest-core\1.1\hamcrest-core-1.1.jar;C:\Users\Pradier\.m2\repository\org\dbunit\dbunit\2.4.7\dbunit-2.4.7.jar;C:\Users\Pradier\.m2\repository\org\slf4j\slf4j-api\1.5.6\slf4j-api-1.5.6.jar;"/>
    <property name="java.io.tmpdir" value="C:\Users\Pradier\AppData\Local\Temp\"/>
    <property name="env.PROCESSOR_REVISION" value="2505"/>
    <property name="env.VBOX_INSTALL_PATH" value="C:\OracleVM\"/>
    <property name="java.vendor.url.bug" value="http://bugreport.sun.com/bugreport/"/>
    <property name="env.SSH_AUTH_SOCK" value="/tmp/ssh-lRtrMO3668/agent.3668"/>
    <property name="env.COMSPEC" value="C:\Windows\system32\cmd.exe"/>
    <property name="env.PROGRAMDATA" value="C:\ProgramData"/>
    <property name="java.awt.graphicsenv" value="sun.awt.Win32GraphicsEnvironment"/>
    <property name="os.arch" value="amd64"/>
    <property name="java.ext.dirs" value="C:\Program Files\Java\jdk1.7.0\jre\lib\ext;C:\Windows\Sun\Java\lib\ext"/>
    <property name="user.dir" value="C:\Patrick\GitHub\Nurse\persistence"/>
    <property name="env.LOCALAPPDATA" value="C:\Users\Pradier\AppData\Local"/>
    <property name="line.separator" value="
"/>
    <property name="java.vm.name" value="Java HotSpot(TM) 64-Bit Server VM"/>
    <property name="env.PATHEXT" value=".COM;.EXE;.BAT;.CMD;.VBS;.VBE;.JS;.JSE;.WSF;.WSH;.MSC"/>
    <property name="basedir" value="C:\Patrick\GitHub\Nurse\persistence"/>
    <property name="env.USERNAME" value="Pradier"/>
    <property name="file.encoding" value="Cp1252"/>
    <property name="env.USERDOMAIN" value="THRALL"/>
    <property name="java.specification.version" value="1.7"/>
    <property name="env.PROCESSOR_LEVEL" value="6"/>
  </properties>
  <testcase time="0.006" classname="fr.umlv.nurse.dao.TestPharmacyDAO" name="testFindPharmacyById">
    <error type="java.lang.NullPointerException">java.lang.NullPointerException
	at fr.umlv.nurse.dao.TestPharmacyDAO.createPharmacy(TestPharmacyDAO.java:21)
	at fr.umlv.nurse.dao.TestPharmacyDAO.testFindPharmacyById(TestPharmacyDAO.java:27)
	at sun.reflect.NativeMethodAccessorImpl.invoke0(Native Method)
	at sun.reflect.NativeMethodAccessorImpl.invoke(NativeMethodAccessorImpl.java:57)
	at sun.reflect.DelegatingMethodAccessorImpl.invoke(DelegatingMethodAccessorImpl.java:43)
	at java.lang.reflect.Method.invoke(Method.java:601)
	at org.junit.runners.model.FrameworkMethod$1.runReflectiveCall(FrameworkMethod.java:45)
	at org.junit.internal.runners.model.ReflectiveCallable.run(ReflectiveCallable.java:15)
	at org.junit.runners.model.FrameworkMethod.invokeExplosively(FrameworkMethod.java:42)
	at org.junit.internal.runners.statements.InvokeMethod.evaluate(InvokeMethod.java:20)
	at org.junit.runners.ParentRunner.runLeaf(ParentRunner.java:263)
	at org.junit.runners.BlockJUnit4ClassRunner.runChild(BlockJUnit4ClassRunner.java:68)
	at org.junit.runners.BlockJUnit4ClassRunner.runChild(BlockJUnit4ClassRunner.java:47)
	at org.junit.runners.ParentRunner$3.run(ParentRunner.java:231)
	at org.junit.runners.ParentRunner$1.schedule(ParentRunner.java:60)
	at org.junit.runners.ParentRunner.runChildren(ParentRunner.java:229)
	at org.junit.runners.ParentRunner.access$000(ParentRunner.java:50)
	at org.junit.runners.ParentRunner$2.evaluate(ParentRunner.java:222)
	at org.junit.runners.ParentRunner.run(ParentRunner.java:300)
	at org.apache.maven.surefire.junit4.JUnit4TestSet.execute(JUnit4TestSet.java:62)
	at org.apache.maven.surefire.suite.AbstractDirectoryTestSuite.executeTestSet(AbstractDirectoryTestSuite.java:140)
	at org.apache.maven.surefire.suite.AbstractDirectoryTestSuite.execute(AbstractDirectoryTestSuite.java:127)
	at org.apache.maven.surefire.Surefire.run(Surefire.java:177)
	at sun.reflect.NativeMethodAccessorImpl.invoke0(Native Method)
	at sun.reflect.NativeMethodAccessorImpl.invoke(NativeMethodAccessorImpl.java:57)
	at sun.reflect.DelegatingMethodAccessorImpl.invoke(DelegatingMethodAccessorImpl.java:43)
	at java.lang.reflect.Method.invoke(Method.java:601)
	at org.apache.maven.surefire.booter.SurefireBooter.runSuitesInProcess(SurefireBooter.java:338)
	at org.apache.maven.surefire.booter.SurefireBooter.main(SurefireBooter.java:997)
</error>
  </testcase>
</testsuite>